<?xml version="1.0" encoding="UTF-8"?>
<!-- Generated by org.testng.reporters.JUnitReportReporter -->
<testsuite hostname="uk-deepspace" name="tests.HibernateModelTests" tests="25" failures="0" timestamp="26 Nov 2012 19:56:43 GMT" time="2.924" errors="0">
  <testcase name="getFieldValue" time="0.007" classname="tests.HibernateModelTests"/>
  <testcase name="getDataByGuidAndUserId" time="0.008" classname="tests.HibernateModelTests"/>
  <testcase name="getDataByGuid" time="0.023" classname="tests.HibernateModelTests"/>
  <testcase name="deleteByGuid" time="0.049" classname="tests.HibernateModelTests"/>
  <testcase name="deleteDataAlreadyGone" time="0.002" classname="tests.HibernateModelTests"/>
  <testcase name="deleteData" time="0.068" classname="tests.HibernateModelTests"/>
  <testcase name="getGlobalDataByIds" time="0.091" classname="tests.HibernateModelTests"/>
  <testcase name="updateData" time="0.040" classname="tests.HibernateModelTests"/>
  <testcase name="checkIfMarked" time="0.007" classname="tests.HibernateModelTests"/>
  <testcase name="getGlobalData" time="0.009" classname="tests.HibernateModelTests"/>
  <testcase name="deleteByCaseId" time="0.053" classname="tests.HibernateModelTests"/>
  <testcase name="insertFieldData" time="0.052" classname="tests.HibernateModelTests"/>
  <testcase name="getDataErrorRecord" time="0.003" classname="tests.HibernateModelTests"/>
  <testcase name="deleteGlobalRecords" time="0.113" classname="tests.HibernateModelTests"/>
  <testcase name="insertData" time="1.654" classname="tests.HibernateModelTests"/>
  <testcase name="getData" time="0.346" classname="tests.HibernateModelTests"/>
  <testcase name="getFieldsAndMarkAsUsed" time="0.003" classname="tests.HibernateModelTests"/>
  <testcase name="updateDataNonExisting" time="0.003" classname="tests.HibernateModelTests"/>
  <testcase name="insertDuplicateData" time="0.051" classname="tests.HibernateModelTests"/>
  <testcase name="updateGlobalData" time="0.048" classname="tests.HibernateModelTests"/>
  <testcase name="updateKeyStatus" time="0.082" classname="tests.HibernateModelTests"/>
  <testcase name="insertGlobalData" time="0.032" classname="tests.HibernateModelTests"/>
  <testcase name="getListOfIds" time="0.110" classname="tests.HibernateModelTests"/>
  <testcase name="updateFieldValue" time="0.032" classname="tests.HibernateModelTests"/>
  <testcase name="insertKeyStore" time="0.038" classname="tests.HibernateModelTests"/>
</testsuite> <!-- tests.HibernateModelTests -->
