<?xml version="1.0" encoding="UTF-8"?>
<!-- Generated by org.testng.reporters.JUnitReportReporter -->
<testsuite hostname="uk-deepspace" name="tests.HibernateModelTests" tests="24" failures="0" timestamp="8 Nov 2012 12:44:07 GMT" time="2.093" errors="0">
  <testcase name="getFieldsAndMarkAsUsed" time="0.039" classname="tests.HibernateModelTests"/>
  <testcase name="deleteByGuid" time="0.039" classname="tests.HibernateModelTests"/>
  <testcase name="deleteGlobalRecords" time="0.099" classname="tests.HibernateModelTests"/>
  <testcase name="updateData" time="0.045" classname="tests.HibernateModelTests"/>
  <testcase name="getDataByGuidAndUserId" time="0.007" classname="tests.HibernateModelTests"/>
  <testcase name="insertGlobalData" time="0.032" classname="tests.HibernateModelTests"/>
  <testcase name="getDataByGuid" time="0.025" classname="tests.HibernateModelTests"/>
  <testcase name="deleteDataAlreadyGone" time="0.002" classname="tests.HibernateModelTests"/>
  <testcase name="deleteByCaseId" time="0.040" classname="tests.HibernateModelTests"/>
  <testcase name="getDataErrorRecord" time="0.003" classname="tests.HibernateModelTests"/>
  <testcase name="getFieldValue" time="0.006" classname="tests.HibernateModelTests"/>
  <testcase name="getGlobalData" time="0.006" classname="tests.HibernateModelTests"/>
  <testcase name="insertDuplicateData" time="0.063" classname="tests.HibernateModelTests"/>
  <testcase name="deleteData" time="0.033" classname="tests.HibernateModelTests"/>
  <testcase name="insertFieldData" time="0.044" classname="tests.HibernateModelTests"/>
  <testcase name="getData" time="0.112" classname="tests.HibernateModelTests"/>
  <testcase name="insertData" time="1.227" classname="tests.HibernateModelTests"/>
  <testcase name="updateGlobalData" time="0.032" classname="tests.HibernateModelTests"/>
  <testcase name="insertKeyStore" time="0.038" classname="tests.HibernateModelTests"/>
  <testcase name="getListOfIds" time="0.076" classname="tests.HibernateModelTests"/>
  <testcase name="updateDataNonExisting" time="0.005" classname="tests.HibernateModelTests"/>
  <testcase name="checkIfMarked" time="0.009" classname="tests.HibernateModelTests"/>
  <testcase name="updateFieldValue" time="0.036" classname="tests.HibernateModelTests"/>
  <testcase name="getGlobalDataByIds" time="0.075" classname="tests.HibernateModelTests"/>
</testsuite> <!-- tests.HibernateModelTests -->
