<?xml version="1.0" encoding="UTF-8"?>
<!-- Generated by org.testng.reporters.JUnitReportReporter -->
<testsuite hostname="uk-deepspace" name="tests.QuickTests" tests="19" failures="0" timestamp="8 Nov 2012 11:35:08 GMT" time="1.921" errors="0">
  <testcase name="getDataByGuid" time="0.000" classname="tests.QuickTests"/>
  <testcase name="updateData" time="0.047" classname="tests.QuickTests"/>
  <testcase name="getData" time="0.016" classname="tests.QuickTests"/>
  <testcase name="getListOfIds" time="0.078" classname="tests.QuickTests"/>
  <testcase name="insertDuplicateData" time="0.078" classname="tests.QuickTests"/>
  <testcase name="insertFieldData" time="0.031" classname="tests.QuickTests"/>
  <testcase name="insertKeyStore" time="0.031" classname="tests.QuickTests"/>
  <testcase name="getDataErrorRecord" time="0.000" classname="tests.QuickTests"/>
  <testcase name="insertData" time="1.250" classname="tests.QuickTests"/>
  <testcase name="getFieldsAndMarkAsUsed" time="0.047" classname="tests.QuickTests"/>
  <testcase name="deleteData" time="0.032" classname="tests.QuickTests"/>
  <testcase name="deleteDataAlreadyGone" time="0.015" classname="tests.QuickTests"/>
  <testcase name="deleteByGuid" time="0.031" classname="tests.QuickTests"/>
  <testcase name="getDataByGuidAndUserId" time="0.016" classname="tests.QuickTests"/>
  <testcase name="checkIfMarked" time="0.000" classname="tests.QuickTests"/>
  <testcase name="updateFieldValue" time="0.078" classname="tests.QuickTests"/>
  <testcase name="deleteByCaseId" time="0.046" classname="tests.QuickTests"/>
  <testcase name="getFieldValue" time="0.109" classname="tests.QuickTests"/>
  <testcase name="updateDataNonExisting" time="0.016" classname="tests.QuickTests"/>
</testsuite> <!-- tests.QuickTests -->
