<?xml version="1.0" encoding="UTF-8"?>
<!-- Generated by org.testng.reporters.JUnitReportReporter -->
<testsuite hostname="uk-deepspace" name="com.bpmlite.testclient.DeployTest" tests="1" failures="0" timestamp="7 Feb 2013 12:15:41 GMT" time="1.590" errors="0">
  <testcase name="testDeploy" time="1.590" classname="com.bpmlite.testclient.DeployTest"/>
</testsuite> <!-- com.bpmlite.testclient.DeployTest -->
