<?xml version="1.0" encoding="UTF-8"?>
<!-- Generated by org.testng.reporters.JUnitReportReporter -->
<testsuite hostname="uk-deepspace" name="com.bpmlite.testclient.DeployStaticSchema" tests="1" failures="0" timestamp="29 Jan 2013 19:11:40 GMT" time="1.657" errors="0">
  <testcase name="testDeploy" time="1.657" classname="com.bpmlite.testclient.DeployStaticSchema"/>
</testsuite> <!-- com.bpmlite.testclient.DeployStaticSchema -->
