<?xml version="1.0" encoding="UTF-8"?>
<!-- Generated by org.testng.reporters.JUnitReportReporter -->
<testsuite hostname="uk-deepspace" name="com.bpmlite.testclient.EmsTests" tests="3" failures="0" timestamp="4 Nov 2012 22:21:38 GMT" time="0.445" errors="0">
  <testcase name="testSetUsersDetails" time="0.001" classname="com.bpmlite.testclient.EmsTests"/>
  <testcase name="testWorkItemKeyDetails" time="0.020" classname="com.bpmlite.testclient.EmsTests"/>
  <testcase name="test" time="0.424" classname="com.bpmlite.testclient.EmsTests"/>
</testsuite> <!-- com.bpmlite.testclient.EmsTests -->
