<?xml version="1.0" encoding="UTF-8"?>
<!-- Generated by org.testng.reporters.JUnitReportReporter -->
<testsuite hostname="uk-deepspace" name="com.bpmlite.testclient.BpmLiteServerTest" tests="1" failures="0" timestamp="27 Nov 2012 12:00:49 GMT" time="15.623" errors="0">
  <testcase name="quickTest" time="15.623" classname="com.bpmlite.testclient.BpmLiteServerTest"/>
</testsuite> <!-- com.bpmlite.testclient.BpmLiteServerTest -->
