<?xml version="1.0" encoding="UTF-8"?>
<!-- Generated by org.testng.reporters.JUnitReportReporter -->
<testsuite hostname="uk-deepspace" name="com.bpmlite.guard.testclient.CompleteTest" tests="2" failures="0" timestamp="16 Feb 2013 17:17:25 GMT" time="1.321" errors="0">
  <testcase name="TestGetFormData" time="0.719" classname="com.bpmlite.guard.testclient.CompleteTest"/>
  <testcase name="PostDataToServerCompleteWorkItem" time="0.602" classname="com.bpmlite.guard.testclient.CompleteTest"/>
</testsuite> <!-- com.bpmlite.guard.testclient.CompleteTest -->
