<?xml version="1.0" encoding="UTF-8"?>
<!-- Generated by org.testng.reporters.JUnitReportReporter -->
<testsuite hostname="uk-deepspace" name="com.bpmlite.testclient.BpmLiteServerTest" tests="1" failures="0" timestamp="7 Dec 2012 09:23:32 GMT" time="0.131" errors="0">
  <testcase name="quickEms" time="0.131" classname="com.bpmlite.testclient.BpmLiteServerTest"/>
</testsuite> <!-- com.bpmlite.testclient.BpmLiteServerTest -->
