<?xml version="1.0" encoding="UTF-8"?>
<!-- Generated by org.testng.reporters.JUnitReportReporter -->
<testsuite hostname="uk-deepspace" name="com.bpmlite.testclient.BpmLiteServerTest" tests="1" failures="0" timestamp="12 Nov 2012 10:09:06 GMT" time="0.527" errors="0">
  <testcase name="quickTest" time="0.527" classname="com.bpmlite.testclient.BpmLiteServerTest"/>
</testsuite> <!-- com.bpmlite.testclient.BpmLiteServerTest -->
