<?xml version="1.0" encoding="UTF-8"?>
<!-- Generated by org.testng.reporters.JUnitReportReporter -->
<testsuite hostname="uk-deepspace" name="normalTests.Quick" tests="1" failures="0" timestamp="30 Jan 2013 10:52:01 GMT" time="0.014" errors="0">
  <testcase name="testOne" time="0.014" classname="normalTests.Quick"/>
</testsuite> <!-- normalTests.Quick -->
