<?xml version="1.0" encoding="UTF-8"?>
<!-- Generated by org.testng.reporters.JUnitReportReporter -->
<testsuite hostname="uk-deepspace" name="com.bpmlite.testclient.StartProcessTest" tests="1" failures="0" timestamp="16 Feb 2013 19:54:34 GMT" time="0.815" errors="0">
  <testcase name="testDeploy" time="0.815" classname="com.bpmlite.testclient.StartProcessTest"/>
</testsuite> <!-- com.bpmlite.testclient.StartProcessTest -->
