<?xml version="1.0" encoding="UTF-8"?>
<!-- Generated by org.testng.reporters.JUnitReportReporter -->
<testsuite hostname="uk-deepspace" name="com.bpmlite.testclient.DeployTest" tests="1" failures="0" timestamp="16 Feb 2013 19:54:30 GMT" time="1.516" errors="0">
  <testcase name="testDeploy" time="1.516" classname="com.bpmlite.testclient.DeployTest"/>
</testsuite> <!-- com.bpmlite.testclient.DeployTest -->
